	Command being timed: "/projects/bgmp/skim6/bioinfo/Bi622/Demultiplex/Assignment-the-third/demultiplex.py -r1 /projects/bgmp/shared/2017_sequencing/1294_S1_L008_R1_001.fastq.gz -r2 /projects/bgmp/shared/2017_sequencing/1294_S1_L008_R4_001.fastq.gz -i1 /projects/bgmp/shared/2017_sequencing/1294_S1_L008_R2_001.fastq.gz -i2 /projects/bgmp/shared/2017_sequencing/1294_S1_L008_R3_001.fastq.gz -b /projects/bgmp/shared/2017_sequencing/indexes.txt -o /projects/bgmp/skim6/bioinfo/Bi622/Demultiplex/Assignment-the-third/demultiplexed/"
	User time (seconds): 3971.46
	System time (seconds): 121.69
	Percent of CPU this job got: 94%
	Elapsed (wall clock) time (h:mm:ss or m:ss): 1:12:18
	Average shared text size (kbytes): 0
	Average unshared data size (kbytes): 0
	Average stack size (kbytes): 0
	Average total size (kbytes): 0
	Maximum resident set size (kbytes): 287696
	Average resident set size (kbytes): 0
	Major (requiring I/O) page faults: 0
	Minor (reclaiming a frame) page faults: 598904
	Voluntary context switches: 51883
	Involuntary context switches: 2287
	Swaps: 0
	File system inputs: 0
	File system outputs: 0
	Socket messages sent: 0
	Socket messages received: 0
	Signals delivered: 0
	Page size (bytes): 4096
	Exit status: 0
