	Command being timed: "pigz /projects/bgmp/skim6/bioinfo/Bi622/Demultiplex/Assignment-the-third/demultiplexed//AACAGCGA_AACAGCGA_R1.fastq /projects/bgmp/skim6/bioinfo/Bi622/Demultiplex/Assignment-the-third/demultiplexed//AACAGCGA_AACAGCGA_R2.fastq /projects/bgmp/skim6/bioinfo/Bi622/Demultiplex/Assignment-the-third/demultiplexed//ACGATCAG_ACGATCAG_R1.fastq /projects/bgmp/skim6/bioinfo/Bi622/Demultiplex/Assignment-the-third/demultiplexed//ACGATCAG_ACGATCAG_R2.fastq /projects/bgmp/skim6/bioinfo/Bi622/Demultiplex/Assignment-the-third/demultiplexed//AGAGTCCA_AGAGTCCA_R1.fastq /projects/bgmp/skim6/bioinfo/Bi622/Demultiplex/Assignment-the-third/demultiplexed//AGAGTCCA_AGAGTCCA_R2.fastq /projects/bgmp/skim6/bioinfo/Bi622/Demultiplex/Assignment-the-third/demultiplexed//AGGATAGC_AGGATAGC_R1.fastq /projects/bgmp/skim6/bioinfo/Bi622/Demultiplex/Assignment-the-third/demultiplexed//AGGATAGC_AGGATAGC_R2.fastq /projects/bgmp/skim6/bioinfo/Bi622/Demultiplex/Assignment-the-third/demultiplexed//ATCATGCG_ATCATGCG_R1.fastq /projects/bgmp/skim6/bioinfo/Bi622/Demultiplex/Assignment-the-third/demultiplexed//ATCATGCG_ATCATGCG_R2.fastq /projects/bgmp/skim6/bioinfo/Bi622/Demultiplex/Assignment-the-third/demultiplexed//ATCGTGGT_ATCGTGGT_R1.fastq /projects/bgmp/skim6/bioinfo/Bi622/Demultiplex/Assignment-the-third/demultiplexed//ATCGTGGT_ATCGTGGT_R2.fastq /projects/bgmp/skim6/bioinfo/Bi622/Demultiplex/Assignment-the-third/demultiplexed//CACTTCAC_CACTTCAC_R1.fastq /projects/bgmp/skim6/bioinfo/Bi622/Demultiplex/Assignment-the-third/demultiplexed//CACTTCAC_CACTTCAC_R2.fastq /projects/bgmp/skim6/bioinfo/Bi622/Demultiplex/Assignment-the-third/demultiplexed//CGATCGAT_CGATCGAT_R1.fastq /projects/bgmp/skim6/bioinfo/Bi622/Demultiplex/Assignment-the-third/demultiplexed//CGATCGAT_CGATCGAT_R2.fastq /projects/bgmp/skim6/bioinfo/Bi622/Demultiplex/Assignment-the-third/demultiplexed//CGGTAATC_CGGTAATC_R1.fastq /projects/bgmp/skim6/bioinfo/Bi622/Demultiplex/Assignment-the-third/demultiplexed//CGGTAATC_CGGTAATC_R2.fastq /projects/bgmp/skim6/bioinfo/Bi622/Demultiplex/Assignment-the-third/demultiplexed//CTAGCTCA_CTAGCTCA_R1.fastq /projects/bgmp/skim6/bioinfo/Bi622/Demultiplex/Assignment-the-third/demultiplexed//CTAGCTCA_CTAGCTCA_R2.fastq /projects/bgmp/skim6/bioinfo/Bi622/Demultiplex/Assignment-the-third/demultiplexed//CTCTGGAT_CTCTGGAT_R1.fastq /projects/bgmp/skim6/bioinfo/Bi622/Demultiplex/Assignment-the-third/demultiplexed//CTCTGGAT_CTCTGGAT_R2.fastq /projects/bgmp/skim6/bioinfo/Bi622/Demultiplex/Assignment-the-third/demultiplexed//GATCAAGG_GATCAAGG_R1.fastq /projects/bgmp/skim6/bioinfo/Bi622/Demultiplex/Assignment-the-third/demultiplexed//GATCAAGG_GATCAAGG_R2.fastq /projects/bgmp/skim6/bioinfo/Bi622/Demultiplex/Assignment-the-third/demultiplexed//GATCTTGC_GATCTTGC_R1.fastq /projects/bgmp/skim6/bioinfo/Bi622/Demultiplex/Assignment-the-third/demultiplexed//GATCTTGC_GATCTTGC_R2.fastq /projects/bgmp/skim6/bioinfo/Bi622/Demultiplex/Assignment-the-third/demultiplexed//GCTACTCT_GCTACTCT_R1.fastq /projects/bgmp/skim6/bioinfo/Bi622/Demultiplex/Assignment-the-third/demultiplexed//GCTACTCT_GCTACTCT_R2.fastq /projects/bgmp/skim6/bioinfo/Bi622/Demultiplex/Assignment-the-third/demultiplexed//GTAGCGTA_GTAGCGTA_R1.fastq /projects/bgmp/skim6/bioinfo/Bi622/Demultiplex/Assignment-the-third/demultiplexed//GTAGCGTA_GTAGCGTA_R2.fastq /projects/bgmp/skim6/bioinfo/Bi622/Demultiplex/Assignment-the-third/demultiplexed//GTCCTAAG_GTCCTAAG_R1.fastq /projects/bgmp/skim6/bioinfo/Bi622/Demultiplex/Assignment-the-third/demultiplexed//GTCCTAAG_GTCCTAAG_R2.fastq /projects/bgmp/skim6/bioinfo/Bi622/Demultiplex/Assignment-the-third/demultiplexed//hopped_R1.fastq /projects/bgmp/skim6/bioinfo/Bi622/Demultiplex/Assignment-the-third/demultiplexed//hopped_R2.fastq /projects/bgmp/skim6/bioinfo/Bi622/Demultiplex/Assignment-the-third/demultiplexed//lowQual_R1.fastq /projects/bgmp/skim6/bioinfo/Bi622/Demultiplex/Assignment-the-third/demultiplexed//lowQual_R2.fastq /projects/bgmp/skim6/bioinfo/Bi622/Demultiplex/Assignment-the-third/demultiplexed//TACCGGAT_TACCGGAT_R1.fastq /projects/bgmp/skim6/bioinfo/Bi622/Demultiplex/Assignment-the-third/demultiplexed//TACCGGAT_TACCGGAT_R2.fastq /projects/bgmp/skim6/bioinfo/Bi622/Demultiplex/Assignment-the-third/demultiplexed//TAGCCATG_TAGCCATG_R1.fastq /projects/bgmp/skim6/bioinfo/Bi622/Demultiplex/Assignment-the-third/demultiplexed//TAGCCATG_TAGCCATG_R2.fastq /projects/bgmp/skim6/bioinfo/Bi622/Demultiplex/Assignment-the-third/demultiplexed//TATGGCAC_TATGGCAC_R1.fastq /projects/bgmp/skim6/bioinfo/Bi622/Demultiplex/Assignment-the-third/demultiplexed//TATGGCAC_TATGGCAC_R2.fastq /projects/bgmp/skim6/bioinfo/Bi622/Demultiplex/Assignment-the-third/demultiplexed//TCGACAAG_TCGACAAG_R1.fastq /projects/bgmp/skim6/bioinfo/Bi622/Demultiplex/Assignment-the-third/demultiplexed//TCGACAAG_TCGACAAG_R2.fastq /projects/bgmp/skim6/bioinfo/Bi622/Demultiplex/Assignment-the-third/demultiplexed//TCGAGAGT_TCGAGAGT_R1.fastq /projects/bgmp/skim6/bioinfo/Bi622/Demultiplex/Assignment-the-third/demultiplexed//TCGAGAGT_TCGAGAGT_R2.fastq /projects/bgmp/skim6/bioinfo/Bi622/Demultiplex/Assignment-the-third/demultiplexed//TCGGATTC_TCGGATTC_R1.fastq /projects/bgmp/skim6/bioinfo/Bi622/Demultiplex/Assignment-the-third/demultiplexed//TCGGATTC_TCGGATTC_R2.fastq /projects/bgmp/skim6/bioinfo/Bi622/Demultiplex/Assignment-the-third/demultiplexed//TCTTCGAC_TCTTCGAC_R1.fastq /projects/bgmp/skim6/bioinfo/Bi622/Demultiplex/Assignment-the-third/demultiplexed//TCTTCGAC_TCTTCGAC_R2.fastq /projects/bgmp/skim6/bioinfo/Bi622/Demultiplex/Assignment-the-third/demultiplexed//TGTTCCGT_TGTTCCGT_R1.fastq /projects/bgmp/skim6/bioinfo/Bi622/Demultiplex/Assignment-the-third/demultiplexed//TGTTCCGT_TGTTCCGT_R2.fastq /projects/bgmp/skim6/bioinfo/Bi622/Demultiplex/Assignment-the-third/demultiplexed//unknown_R1.fastq /projects/bgmp/skim6/bioinfo/Bi622/Demultiplex/Assignment-the-third/demultiplexed//unknown_R2.fastq"
	User time (seconds): 17291.32
	System time (seconds): 57.49
	Percent of CPU this job got: 1112%
	Elapsed (wall clock) time (h:mm:ss or m:ss): 25:59.49
	Average shared text size (kbytes): 0
	Average unshared data size (kbytes): 0
	Average stack size (kbytes): 0
	Average total size (kbytes): 0
	Maximum resident set size (kbytes): 35876
	Average resident set size (kbytes): 0
	Major (requiring I/O) page faults: 0
	Minor (reclaiming a frame) page faults: 1842447
	Voluntary context switches: 1717410
	Involuntary context switches: 1060268
	Swaps: 0
	File system inputs: 0
	File system outputs: 0
	Socket messages sent: 0
	Socket messages received: 0
	Signals delivered: 0
	Page size (bytes): 4096
	Exit status: 0
